c:\users\dell\source\repos\hospital\hospital\debug\vc142.pdb
c:\users\dell\source\repos\hospital\hospital\debug\vc142.idb
c:\users\dell\source\repos\hospital\hospital\debug\record.obj
c:\users\dell\source\repos\hospital\hospital\debug\hospitaldlg.obj
c:\users\dell\source\repos\hospital\hospital\debug\hospital.obj
c:\users\dell\source\repos\hospital\hospital\debug\error.obj
c:\users\dell\source\repos\hospital\hospital\debug\information.obj
c:\users\dell\source\repos\hospital\hospital\debug\succ.obj
c:\users\dell\source\repos\hospital\hospital\debug\diary.obj
c:\users\dell\source\repos\hospital\hospital\debug\hospital.pch
c:\users\dell\source\repos\hospital\hospital\debug\pch.obj
c:\users\dell\source\repos\hospital\debug\hospital.exe
c:\users\dell\source\repos\hospital\debug\hospital.ilk
c:\users\dell\source\repos\hospital\debug\hospital.pdb
c:\users\dell\source\repos\hospital\hospital\debug\hospital.res
c:\users\dell\source\repos\hospital\hospital\debug\hospital.tlog\cl.command.1.tlog
c:\users\dell\source\repos\hospital\hospital\debug\hospital.tlog\cl.read.1.tlog
c:\users\dell\source\repos\hospital\hospital\debug\hospital.tlog\cl.write.1.tlog
c:\users\dell\source\repos\hospital\hospital\debug\hospital.tlog\link.command.1.tlog
c:\users\dell\source\repos\hospital\hospital\debug\hospital.tlog\link.read.1.tlog
c:\users\dell\source\repos\hospital\hospital\debug\hospital.tlog\link.write.1.tlog
c:\users\dell\source\repos\hospital\hospital\debug\hospital.tlog\rc.command.1.tlog
c:\users\dell\source\repos\hospital\hospital\debug\hospital.tlog\rc.read.1.tlog
c:\users\dell\source\repos\hospital\hospital\debug\hospital.tlog\rc.write.1.tlog
